<?xml version="1.0" encoding="UTF-8"?>
<!-- Generated by org.testng.reporters.JUnitXMLReporter -->
<testsuite hostname="AND0470" ignored="0" name="Default test" tests="4" failures="0" timestamp="17 Jan 2020 07:43:23 GMT" time="34.429" errors="0">
  <testcase name="Login" time="6.308" classname="automationframework.TestCases"/>
  <testcase name="SearchProduct" time="4.85" classname="automationframework.TestCases"/>
  <testcase name="selectProduct" time="10.41" classname="automationframework.TestCases"/>
  <testcase name="deletefromWishList" time="4.338" classname="automationframework.TestCases"/>
</testsuite> <!-- Default test -->
