<?xml version="1.0" encoding="UTF-8"?>
<testng-results skipped="0" failed="0" ignored="0" total="4" passed="4">
  <reporter-output>
  </reporter-output>
  <suite name="Default suite" duration-ms="34429" started-at="2020-01-17T07:42:49Z" finished-at="2020-01-17T07:43:23Z">
    <groups>
    </groups>
    <test name="Default test" duration-ms="34429" started-at="2020-01-17T07:42:49Z" finished-at="2020-01-17T07:43:23Z">
      <class name="automationframework.TestCases">
        <test-method status="PASS" signature="beforeTest()[pri:0, instance:automationframework.TestCases@6f7fd0e6]" name="beforeTest" is-config="true" duration-ms="8505" started-at="2020-01-17T07:42:49Z" finished-at="2020-01-17T07:42:57Z">
          <reporter-output>
          </reporter-output>
        </test-method> <!-- beforeTest -->
        <test-method status="PASS" signature="Login()[pri:0, instance:automationframework.TestCases@6f7fd0e6]" name="Login" duration-ms="6308" started-at="2020-01-17T07:42:57Z" finished-at="2020-01-17T07:43:04Z">
          <reporter-output>
          </reporter-output>
        </test-method> <!-- Login -->
        <test-method status="PASS" signature="SearchProduct()[pri:1, instance:automationframework.TestCases@6f7fd0e6]" name="SearchProduct" duration-ms="4850" started-at="2020-01-17T07:43:04Z" finished-at="2020-01-17T07:43:09Z">
          <reporter-output>
          </reporter-output>
        </test-method> <!-- SearchProduct -->
        <test-method status="PASS" signature="selectProduct()[pri:2, instance:automationframework.TestCases@6f7fd0e6]" name="selectProduct" duration-ms="10410" started-at="2020-01-17T07:43:09Z" finished-at="2020-01-17T07:43:19Z">
          <reporter-output>
          </reporter-output>
        </test-method> <!-- selectProduct -->
        <test-method status="PASS" signature="deletefromWishList()[pri:3, instance:automationframework.TestCases@6f7fd0e6]" name="deletefromWishList" duration-ms="4338" started-at="2020-01-17T07:43:19Z" finished-at="2020-01-17T07:43:23Z">
          <reporter-output>
          </reporter-output>
        </test-method> <!-- deletefromWishList -->
        <test-method status="PASS" signature="afterTest()[pri:0, instance:automationframework.TestCases@6f7fd0e6]" name="afterTest" is-config="true" duration-ms="0" started-at="2020-01-17T07:43:23Z" finished-at="2020-01-17T07:43:23Z">
          <reporter-output>
          </reporter-output>
        </test-method> <!-- afterTest -->
      </class> <!-- automationframework.TestCases -->
    </test> <!-- Default test -->
  </suite> <!-- Default suite -->
</testng-results>
